<?xml version="1.0" encoding="UTF-8"?>
<testng-results total="2" passed="1" failed="1" skipped="0">
  <reporter-output>
  </reporter-output>
  <suite started-at="2019-11-10T14:11:00Z" name="Suite" finished-at="2019-11-10T14:15:22Z" duration-ms="262499">
    <groups>
    </groups>
    <test started-at="2019-11-10T14:11:00Z" name="LoginPostiveTestCase" finished-at="2019-11-10T14:12:39Z" duration-ms="99268">
      <class name="CharlyEducation.CharlyEducationAssignment.CharlyEducationTest">
        <test-method is-config="true" signature="BasePageNavigation(java.lang.String)[pri:0, instance:CharlyEducation.CharlyEducationAssignment.CharlyEducationTest@75f9eccc]" started-at="2019-11-10T15:11:00Z" name="BasePageNavigation" finished-at="2019-11-10T15:11:38Z" duration-ms="38111" status="PASS">
          <params>
            <param index="0">
              <value>
                <![CDATA[https://www.charly.education]]>
              </value>
            </param>
          </params>
          <reporter-output>
          </reporter-output>
        </test-method> <!-- BasePageNavigation -->
        <test-method signature="Login_RightAuthenticationDetails_ShouldLoginSuccessfully(java.lang.String, java.lang.String, java.lang.String)[pri:0, instance:CharlyEducation.CharlyEducationAssignment.CharlyEducationTest@75f9eccc]" started-at="2019-11-10T15:11:38Z" name="Login_RightAuthenticationDetails_ShouldLoginSuccessfully" finished-at="2019-11-10T15:12:39Z" duration-ms="61033" status="PASS">
          <params>
            <param index="0">
              <value>
                <![CDATA[6317@berlin-htw.de]]>
              </value>
            </param>
            <param index="1">
              <value>
                <![CDATA[Pluspeter]]>
              </value>
            </param>
            <param index="2">
              <value>
                <![CDATA[Hey Carina]]>
              </value>
            </param>
          </params>
          <reporter-output>
          </reporter-output>
        </test-method> <!-- Login_RightAuthenticationDetails_ShouldLoginSuccessfully -->
        <test-method is-config="true" signature="Closewindows()[pri:0, instance:CharlyEducation.CharlyEducationAssignment.CharlyEducationTest@75f9eccc]" started-at="2019-11-10T15:12:39Z" name="Closewindows" finished-at="2019-11-10T15:12:39Z" duration-ms="112" status="PASS">
          <reporter-output>
          </reporter-output>
        </test-method> <!-- Closewindows -->
      </class> <!-- CharlyEducation.CharlyEducationAssignment.CharlyEducationTest -->
    </test> <!-- LoginPostiveTestCase -->
    <test started-at="2019-11-10T14:12:44Z" name="LoginNegativeTestCase" finished-at="2019-11-10T14:15:22Z" duration-ms="158211">
      <class name="CharlyEducation.CharlyEducationAssignment.CharlyEducationTest">
        <test-method is-config="true" signature="BasePageNavigation(java.lang.String)[pri:0, instance:CharlyEducation.CharlyEducationAssignment.CharlyEducationTest@14ec4505]" started-at="2019-11-10T15:12:44Z" name="BasePageNavigation" finished-at="2019-11-10T15:13:46Z" duration-ms="61836" status="PASS">
          <params>
            <param index="0">
              <value>
                <![CDATA[https://www.charly.education]]>
              </value>
            </param>
          </params>
          <reporter-output>
          </reporter-output>
        </test-method> <!-- BasePageNavigation -->
        <test-method signature="Login_WrongAuthenticationDetails_ShouldFailLogin(java.lang.String, java.lang.String, java.lang.String)[pri:0, instance:CharlyEducation.CharlyEducationAssignment.CharlyEducationTest@14ec4505]" started-at="2019-11-10T15:13:46Z" name="Login_WrongAuthenticationDetails_ShouldFailLogin" finished-at="2019-11-10T15:15:22Z" duration-ms="96258" status="FAIL">
          <params>
            <param index="0">
              <value>
                <![CDATA[6317@berlin-htw.de]]>
              </value>
            </param>
            <param index="1">
              <value>
                <![CDATA[Pluspeter123]]>
              </value>
            </param>
            <param index="2">
              <value>
                <![CDATA[Entweder sind deine E-Mail oder Passwort inkorrekt. Oder du hast dein Konto noch nicht aktiviert. Um es zu aktivieren, klicke auf den Link in unserer Registrierungs-E-Mail]]>
              </value>
            </param>
          </params>
          <exception class="org.openqa.selenium.NoSuchElementException">
            <message>
              <![CDATA[Cannot locate an element using id=email
For documentation on this error, please visit: https://www.seleniumhq.org/exceptions/no_such_element.html
Build info: version: '3.141.59', revision: 'e82be7d358', time: '2018-11-14T08:17:03'
System info: host: 'bhuvins-MacBook-Pro.local', ip: '2a02:8109:83c0:ac9:3de4:b5af:9684:5685%en0', os.name: 'Mac OS X', os.arch: 'x86_64', os.version: '10.14.6', java.version: '13.0.1'
Driver info: driver.version: RemoteWebDriver]]>
            </message>
            <full-stacktrace>
              <![CDATA[org.openqa.selenium.NoSuchElementException: Cannot locate an element using id=email
For documentation on this error, please visit: https://www.seleniumhq.org/exceptions/no_such_element.html
Build info: version: '3.141.59', revision: 'e82be7d358', time: '2018-11-14T08:17:03'
System info: host: 'bhuvins-MacBook-Pro.local', ip: '2a02:8109:83c0:ac9:3de4:b5af:9684:5685%en0', os.name: 'Mac OS X', os.arch: 'x86_64', os.version: '10.14.6', java.version: '13.0.1'
Driver info: driver.version: RemoteWebDriver
	at org.openqa.selenium.remote.RemoteWebDriver.findElement(RemoteWebDriver.java:327)
	at org.openqa.selenium.remote.RemoteWebDriver.findElementById(RemoteWebDriver.java:372)
	at org.openqa.selenium.By$ById.findElement(By.java:188)
	at org.openqa.selenium.remote.RemoteWebDriver.findElement(RemoteWebDriver.java:315)
	at pageObjects.LoginPage.EnterUsername(LoginPage.java:20)
	at CharlyEducation.CharlyEducationAssignment.CharlyEducationTest.Login_WrongAuthenticationDetails_ShouldFailLogin(Unknown Source)
	at java.base/jdk.internal.reflect.NativeMethodAccessorImpl.invoke0(Native Method)
	at java.base/jdk.internal.reflect.NativeMethodAccessorImpl.invoke(NativeMethodAccessorImpl.java:62)
	at java.base/jdk.internal.reflect.DelegatingMethodAccessorImpl.invoke(DelegatingMethodAccessorImpl.java:43)
	at java.base/java.lang.reflect.Method.invoke(Method.java:567)
	at org.testng.internal.MethodInvocationHelper.invokeMethod(MethodInvocationHelper.java:80)
	at org.testng.internal.Invoker.invokeMethod(Invoker.java:714)
	at org.testng.internal.Invoker.invokeTestMethod(Invoker.java:901)
	at org.testng.internal.Invoker.invokeTestMethods(Invoker.java:1231)
	at org.testng.internal.TestMethodWorker.invokeTestMethods(TestMethodWorker.java:127)
	at org.testng.internal.TestMethodWorker.run(TestMethodWorker.java:111)
	at org.testng.TestRunner.privateRun(TestRunner.java:767)
	at org.testng.TestRunner.run(TestRunner.java:617)
	at org.testng.SuiteRunner.runTest(SuiteRunner.java:334)
	at org.testng.SuiteRunner.runSequentially(SuiteRunner.java:329)
	at org.testng.SuiteRunner.privateRun(SuiteRunner.java:291)
	at org.testng.SuiteRunner.run(SuiteRunner.java:240)
	at org.testng.SuiteRunnerWorker.runSuite(SuiteRunnerWorker.java:52)
	at org.testng.SuiteRunnerWorker.run(SuiteRunnerWorker.java:86)
	at org.testng.TestNG.runSuitesSequentially(TestNG.java:1198)
	at org.testng.TestNG.runSuitesLocally(TestNG.java:1123)
	at org.testng.TestNG.run(TestNG.java:1031)
	at org.testng.remote.AbstractRemoteTestNG.run(AbstractRemoteTestNG.java:115)
	at org.testng.remote.RemoteTestNG.initAndRun(RemoteTestNG.java:251)
	at org.testng.remote.RemoteTestNG.main(RemoteTestNG.java:77)
]]>
            </full-stacktrace>
          </exception> <!-- org.openqa.selenium.NoSuchElementException -->
          <reporter-output>
          </reporter-output>
        </test-method> <!-- Login_WrongAuthenticationDetails_ShouldFailLogin -->
        <test-method is-config="true" signature="Closewindows()[pri:0, instance:CharlyEducation.CharlyEducationAssignment.CharlyEducationTest@14ec4505]" started-at="2019-11-10T15:15:22Z" name="Closewindows" finished-at="2019-11-10T15:15:22Z" duration-ms="112" status="PASS">
          <reporter-output>
          </reporter-output>
        </test-method> <!-- Closewindows -->
      </class> <!-- CharlyEducation.CharlyEducationAssignment.CharlyEducationTest -->
    </test> <!-- LoginNegativeTestCase -->
  </suite> <!-- Suite -->
</testng-results>
