<?xml version="1.0" encoding="UTF-8"?>
<testng-results skipped="0" failed="0" total="2" passed="2">
  <reporter-output>
  </reporter-output>
  <suite name="Suite" duration-ms="37169" started-at="2019-11-05T21:00:48Z" finished-at="2019-11-05T21:01:25Z">
    <groups>
    </groups>
    <test name="PostiveTestCase" duration-ms="20175" started-at="2019-11-05T21:00:48Z" finished-at="2019-11-05T21:01:08Z">
      <class name="CharlyEducation.CharlyEducationAssignment.CharlyEducationTest">
        <test-method status="PASS" signature="BasePageNavigation(java.lang.String)[pri:0, instance:CharlyEducation.CharlyEducationAssignment.CharlyEducationTest@19a81e8]" name="BasePageNavigation" is-config="true" duration-ms="13082" started-at="2019-11-05T22:00:48Z" finished-at="2019-11-05T22:01:01Z">
          <params>
            <param index="0">
              <value>
                <![CDATA[https://www.charly.education]]>
              </value>
            </param>
          </params>
          <reporter-output>
          </reporter-output>
        </test-method> <!-- BasePageNavigation -->
        <test-method status="PASS" signature="Login_RightAuthenticationDetails_ShouldLoginSuccessfully(java.lang.String, java.lang.String, java.lang.String)[pri:0, instance:CharlyEducation.CharlyEducationAssignment.CharlyEducationTest@19a81e8]" name="Login_RightAuthenticationDetails_ShouldLoginSuccessfully" duration-ms="6363" started-at="2019-11-05T22:01:01Z" finished-at="2019-11-05T22:01:07Z">
          <params>
            <param index="0">
              <value>
                <![CDATA[6317@berlin-htw.de]]>
              </value>
            </param>
            <param index="1">
              <value>
                <![CDATA[Pluspeter]]>
              </value>
            </param>
            <param index="2">
              <value>
                <![CDATA[Hey Carina]]>
              </value>
            </param>
          </params>
          <reporter-output>
          </reporter-output>
        </test-method> <!-- Login_RightAuthenticationDetails_ShouldLoginSuccessfully -->
        <test-method status="PASS" signature="Closewindows()[pri:0, instance:CharlyEducation.CharlyEducationAssignment.CharlyEducationTest@19a81e8]" name="Closewindows" is-config="true" duration-ms="709" started-at="2019-11-05T22:01:07Z" finished-at="2019-11-05T22:01:08Z">
          <reporter-output>
          </reporter-output>
        </test-method> <!-- Closewindows -->
      </class> <!-- CharlyEducation.CharlyEducationAssignment.CharlyEducationTest -->
    </test> <!-- PostiveTestCase -->
    <test name="NegativeTestCase" duration-ms="16961" started-at="2019-11-05T21:01:08Z" finished-at="2019-11-05T21:01:25Z">
      <class name="CharlyEducation.CharlyEducationAssignment.CharlyEducationTest">
        <test-method status="PASS" signature="BasePageNavigation(java.lang.String)[pri:0, instance:CharlyEducation.CharlyEducationAssignment.CharlyEducationTest@70fda8]" name="BasePageNavigation" is-config="true" duration-ms="8508" started-at="2019-11-05T22:01:08Z" finished-at="2019-11-05T22:01:16Z">
          <params>
            <param index="0">
              <value>
                <![CDATA[https://www.charly.education]]>
              </value>
            </param>
          </params>
          <reporter-output>
          </reporter-output>
        </test-method> <!-- BasePageNavigation -->
        <test-method status="PASS" signature="Login_WrongAuthenticationDetails_ShouldFailLogin(java.lang.String, java.lang.String, java.lang.String)[pri:0, instance:CharlyEducation.CharlyEducationAssignment.CharlyEducationTest@70fda8]" name="Login_WrongAuthenticationDetails_ShouldFailLogin" duration-ms="6999" started-at="2019-11-05T22:01:16Z" finished-at="2019-11-05T22:01:23Z">
          <params>
            <param index="0">
              <value>
                <![CDATA[6317@berlin-htw.de]]>
              </value>
            </param>
            <param index="1">
              <value>
                <![CDATA[Pluspeter123]]>
              </value>
            </param>
            <param index="2">
              <value>
                <![CDATA[Entweder sind deine E-Mail oder Passwort inkorrekt. Oder du hast dein Konto noch nicht aktiviert. Um es zu aktivieren, klicke auf den Link in unserer Registrierungs-E-Mail]]>
              </value>
            </param>
          </params>
          <reporter-output>
          </reporter-output>
        </test-method> <!-- Login_WrongAuthenticationDetails_ShouldFailLogin -->
        <test-method status="PASS" signature="Closewindows()[pri:0, instance:CharlyEducation.CharlyEducationAssignment.CharlyEducationTest@70fda8]" name="Closewindows" is-config="true" duration-ms="1451" started-at="2019-11-05T22:01:23Z" finished-at="2019-11-05T22:01:25Z">
          <reporter-output>
          </reporter-output>
        </test-method> <!-- Closewindows -->
      </class> <!-- CharlyEducation.CharlyEducationAssignment.CharlyEducationTest -->
    </test> <!-- NegativeTestCase -->
  </suite> <!-- Suite -->
</testng-results>
