<?xml version="1.0" encoding="UTF-8"?>
<!-- Generated by org.testng.reporters.JUnitXMLReporter -->
<testsuite hostname="bhuvins-MacBook-Pro.local" failures="0" tests="2" name="Default test" time="0.022" errors="0" timestamp="10 Nov 2019 14:10:54 GMT">
  <testcase classname="CharlyEducation.CharlyEducationAssignment.CharlyEducationTest" name="Login_RightAuthenticationDetails_ShouldLoginSuccessfully" time="0.007">
    <skipped/>
  </testcase> <!-- Login_RightAuthenticationDetails_ShouldLoginSuccessfully -->
  <testcase classname="CharlyEducation.CharlyEducationAssignment.CharlyEducationTest" name="Login_WrongAuthenticationDetails_ShouldFailLogin" time="0.001">
    <skipped/>
  </testcase> <!-- Login_WrongAuthenticationDetails_ShouldFailLogin -->
</testsuite> <!-- Default test -->
