<?xml version="1.0" encoding="UTF-8"?>
<!-- Generated by org.testng.reporters.JUnitXMLReporter -->
<testsuite hostname="lenovo-PC" name="Default test" tests="2" failures="0" timestamp="5 Nov 2019 21:37:03 GMT" time="0.025" errors="0">
  <testcase name="Login_RightAuthenticationDetails_ShouldLoginSuccessfully" time="0.006" classname="CharlyEducation.CharlyEducationAssignment.CharlyEducationTest">
    <skipped/>
  </testcase> <!-- Login_RightAuthenticationDetails_ShouldLoginSuccessfully -->
  <testcase name="Login_WrongAuthenticationDetails_ShouldFailLogin" time="0.001" classname="CharlyEducation.CharlyEducationAssignment.CharlyEducationTest">
    <skipped/>
  </testcase> <!-- Login_WrongAuthenticationDetails_ShouldFailLogin -->
</testsuite> <!-- Default test -->
